<?xml version="1.0" encoding="UTF-8"?>
<!-- Generated by org.testng.reporters.JUnitReportReporter -->
<testsuite hostname="HP" failures="0" tests="1" name="asserts.hardassert" time="18.779" errors="0" timestamp="2023-11-06T10:56:06 IST" skipped="0">
  <testcase classname="asserts.hardassert" name="hs" time="18.779"/>
  <system-out/>
</testsuite> <!-- asserts.hardassert -->
