<?xml version="1.0" encoding="UTF-8"?>
<!-- Generated by org.testng.reporters.JUnitReportReporter -->
<testsuite hostname="HP" failures="0" tests="1" name="asserts.softassert" time="42.796" errors="0" timestamp="2023-11-07T10:17:58 IST" skipped="0">
  <testcase classname="asserts.softassert" name="hs" time="42.796"/>
  <system-out/>
</testsuite> <!-- asserts.softassert -->
