<?xml version="1.0" encoding="UTF-8"?>
<!-- Generated by org.testng.reporters.JUnitReportReporter -->
<testsuite hostname="HP" failures="0" tests="2" name="attributes.a7" time="0.111" errors="0" timestamp="2023-11-02T09:38:56 IST" skipped="0">
  <testcase classname="attributes.a7" name="visiting" time="0.102"/>
  <system-out/>
  <testcase classname="attributes.a7" name="lg" time="0.009"/>
  <system-out/>
</testsuite> <!-- attributes.a7 -->
