<?xml version="1.0" encoding="UTF-8"?>
<!-- Generated by org.testng.reporters.JUnitReportReporter -->
<testsuite hostname="HP" failures="0" tests="4" name="attributes.dependongroups" time="0.150" errors="0" timestamp="2023-11-02T10:00:13 IST" skipped="0">
  <testcase classname="attributes.dependongroups" name="t1" time="0.132"/>
  <system-out/>
  <testcase classname="attributes.dependongroups" name="t2" time="0.012"/>
  <system-out/>
  <testcase classname="attributes.dependongroups" name="g" time="0.003"/>
  <system-out/>
  <testcase classname="attributes.dependongroups" name="gh" time="0.003"/>
  <system-out/>
</testsuite> <!-- attributes.dependongroups -->
